# JRE version: Java(TM) SE Runtime Environment (21.0.5+9) (build 21.0.5+9-LTS-239)
# Java VM: Java HotSpot(TM) 64-Bit Server VM (21.0.5+9-LTS-239, mixed mode, sharing, tiered, compressed oops, compressed class ptrs, g1 gc, bsd-aarch64)
GC Precious Log:
 CardTable entry size: 512
 Card Set container configuration: InlinePtr #cards 4 size 8 Array Of Cards #cards 16 size 48 Howl #buckets 8 coarsen threshold 3686 Howl Bitmap #cards 512 size 80 coarsen threshold 460 Card regions per heap region 1 cards per card region 4096
 CPUs: 10 total, 10 available
 Memory: 16384M
 Large Page Support: Disabled
 NUMA Support: Disabled
 Compressed Oops: Enabled (Zero based)
 Heap Region Size: 2M
 Heap Min Capacity: 8M
 Heap Initial Capacity: 256M
 Heap Max Capacity: 4G
 Pre-touch: Disabled
 Parallel Workers: 9
 Concurrent Workers: 2
 Concurrent Refinement Workers: 9
 Periodic GC: Disabled
Heap:
 garbage-first heap   total 229376K, used 139926K [0x0000000700000000, 0x0000000800000000)
  region size 2048K, 6 young (12288K), 2 survivors (4096K)
 Metaspace       used 29492K, committed 30016K, reserved 1114112K
  class space    used 3664K, committed 3904K, reserved 1048576K
GC Heap History (20 events):
Event: 37.918 GC heap before
{Heap before GC invocations=9 (full 0):
 garbage-first heap   total 118784K, used 106401K [0x0000000700000000, 0x0000000800000000)
  region size 2048K, 22 young (45056K), 3 survivors (6144K)
 Metaspace       used 28703K, committed 29248K, reserved 1114112K
  class space    used 3651K, committed 3904K, reserved 1048576K
}
Event: 37.919 GC heap after
{Heap after GC invocations=10 (full 0):
 garbage-first heap   total 120832K, used 70466K [0x0000000700000000, 0x0000000800000000)
  region size 2048K, 3 young (6144K), 3 survivors (6144K)
 Metaspace       used 28703K, committed 29248K, reserved 1114112K
  class space    used 3651K, committed 3904K, reserved 1048576K
}
Event: 38.715 GC heap before
{Heap before GC invocations=10 (full 0):
 garbage-first heap   total 120832K, used 101186K [0x0000000700000000, 0x0000000800000000)
  region size 2048K, 19 young (38912K), 3 survivors (6144K)
 Metaspace       used 28817K, committed 29376K, reserved 1114112K
  class space    used 3654K, committed 3904K, reserved 1048576K
}
Event: 38.716 GC heap after
{Heap after GC invocations=11 (full 0):
 garbage-first heap   total 120832K, used 78530K [0x0000000700000000, 0x0000000800000000)
  region size 2048K, 3 young (6144K), 3 survivors (6144K)
 Metaspace       used 28817K, committed 29376K, reserved 1114112K
  class space    used 3654K, committed 3904K, reserved 1048576K
}
Event: 39.210 GC heap before
{Heap before GC invocations=11 (full 0):
 garbage-first heap   total 120832K, used 99010K [0x0000000700000000, 0x0000000800000000)
  region size 2048K, 15 young (30720K), 3 survivors (6144K)
 Metaspace       used 28973K, committed 29504K, reserved 1114112K
  class space    used 3656K, committed 3904K, reserved 1048576K
}
Event: 39.210 GC heap after
{Heap after GC invocations=12 (full 0):
 garbage-first heap   total 120832K, used 81410K [0x0000000700000000, 0x0000000800000000)
  region size 2048K, 2 young (4096K), 2 survivors (4096K)
 Metaspace       used 28973K, committed 29504K, reserved 1114112K
  class space    used 3656K, committed 3904K, reserved 1048576K
}
Event: 39.599 GC heap before
{Heap before GC invocations=13 (full 0):
 garbage-first heap   total 143360K, used 99842K [0x0000000700000000, 0x0000000800000000)
  region size 2048K, 12 young (24576K), 2 survivors (4096K)
 Metaspace       used 29030K, committed 29632K, reserved 1114112K
  class space    used 3657K, committed 3904K, reserved 1048576K
}
Event: 39.600 GC heap after
{Heap after GC invocations=14 (full 0):
 garbage-first heap   total 143360K, used 84895K [0x0000000700000000, 0x0000000800000000)
  region size 2048K, 2 young (4096K), 2 survivors (4096K)
 Metaspace       used 29030K, committed 29632K, reserved 1114112K
  class space    used 3657K, committed 3904K, reserved 1048576K
}
Event: 40.646 GC heap before
{Heap before GC invocations=14 (full 0):
 garbage-first heap   total 143360K, used 119711K [0x0000000700000000, 0x0000000800000000)
  region size 2048K, 20 young (40960K), 2 survivors (4096K)
 Metaspace       used 29188K, committed 29760K, reserved 1114112K
  class space    used 3657K, committed 3904K, reserved 1048576K
}
Event: 40.648 GC heap after
{Heap after GC invocations=15 (full 0):
 garbage-first heap   total 143360K, used 88982K [0x0000000700000000, 0x0000000800000000)
  region size 2048K, 3 young (6144K), 3 survivors (6144K)
 Metaspace       used 29188K, committed 29760K, reserved 1114112K
  class space    used 3657K, committed 3904K, reserved 1048576K
}
Event: 45.664 GC heap before
{Heap before GC invocations=15 (full 0):
 garbage-first heap   total 143360K, used 121750K [0x0000000700000000, 0x0000000800000000)
  region size 2048K, 20 young (40960K), 3 survivors (6144K)
 Metaspace       used 29313K, committed 29888K, reserved 1114112K
  class space    used 3663K, committed 3904K, reserved 1048576K
}
Event: 45.668 GC heap after
{Heap after GC invocations=16 (full 0):
 garbage-first heap   total 143360K, used 94662K [0x0000000700000000, 0x0000000800000000)
  region size 2048K, 3 young (6144K), 3 survivors (6144K)
 Metaspace       used 29313K, committed 29888K, reserved 1114112K
  class space    used 3663K, committed 3904K, reserved 1048576K
}
Event: 48.684 GC heap before
{Heap before GC invocations=17 (full 0):
 garbage-first heap   total 167936K, used 125382K [0x0000000700000000, 0x0000000800000000)
  region size 2048K, 17 young (34816K), 3 survivors (6144K)
 Metaspace       used 29350K, committed 29888K, reserved 1114112K
  class space    used 3663K, committed 3904K, reserved 1048576K
}
Event: 48.685 GC heap after
{Heap after GC invocations=18 (full 0):
 garbage-first heap   total 202752K, used 98032K [0x0000000700000000, 0x0000000800000000)
  region size 2048K, 1 young (2048K), 1 survivors (2048K)
 Metaspace       used 29350K, committed 29888K, reserved 1114112K
  class space    used 3663K, committed 3904K, reserved 1048576K
}
Event: 50.430 GC heap before
{Heap before GC invocations=18 (full 0):
 garbage-first heap   total 202752K, used 182000K [0x0000000700000000, 0x0000000800000000)
  region size 2048K, 35 young (71680K), 1 survivors (2048K)
 Metaspace       used 29413K, committed 29952K, reserved 1114112K
  class space    used 3664K, committed 3904K, reserved 1048576K
}
Event: 50.432 GC heap after
{Heap after GC invocations=19 (full 0):
 garbage-first heap   total 202752K, used 117756K [0x0000000700000000, 0x0000000800000000)
  region size 2048K, 5 young (10240K), 5 survivors (10240K)
 Metaspace       used 29413K, committed 29952K, reserved 1114112K
  class space    used 3664K, committed 3904K, reserved 1048576K
}
Event: 50.771 GC heap before
{Heap before GC invocations=19 (full 0):
 garbage-first heap   total 202752K, used 146428K [0x0000000700000000, 0x0000000800000000)
  region size 2048K, 21 young (43008K), 5 survivors (10240K)
 Metaspace       used 29442K, committed 29952K, reserved 1114112K
  class space    used 3664K, committed 3904K, reserved 1048576K
}
Event: 50.772 GC heap after
{Heap after GC invocations=20 (full 0):
 garbage-first heap   total 202752K, used 132099K [0x0000000700000000, 0x0000000800000000)
  region size 2048K, 5 young (10240K), 5 survivors (10240K)
 Metaspace       used 29442K, committed 29952K, reserved 1114112K
  class space    used 3664K, committed 3904K, reserved 1048576K
}
Event: 51.668 GC heap before
{Heap before GC invocations=21 (full 0):
 garbage-first heap   total 229376K, used 168963K [0x0000000700000000, 0x0000000800000000)
  region size 2048K, 23 young (47104K), 5 survivors (10240K)
 Metaspace       used 29483K, committed 30016K, reserved 1114112K
  class space    used 3664K, committed 3904K, reserved 1048576K
}
Event: 51.669 GC heap after
{Heap after GC invocations=22 (full 0):
 garbage-first heap   total 229376K, used 135830K [0x0000000700000000, 0x0000000800000000)
  region size 2048K, 2 young (4096K), 2 survivors (4096K)
 Metaspace       used 29483K, committed 30016K, reserved 1114112K
  class space    used 3664K, committed 3904K, reserved 1048576K
}

